{"C:\\Users\\LiuNian\\Documents\\Code\\Rust\\EchoRead\\src\\content\\utils\\translationQueue.ts": {"path":"C:\\Users\\LiuNian\\Documents\\Code\\Rust\\EchoRead\\src\\content\\utils\\translationQueue.ts","all":false,"statementMap":{"4":{"start":{"line":5,"column":0},"end":{"line":5,"column":64}},"5":{"start":{"line":6,"column":0},"end":{"line":6,"column":45}},"6":{"start":{"line":7,"column":0},"end":{"line":7,"column":1}},"8":{"start":{"line":9,"column":0},"end":{"line":9,"column":35}},"9":{"start":{"line":10,"column":0},"end":{"line":10,"column":59}},"10":{"start":{"line":11,"column":0},"end":{"line":11,"column":1}},"12":{"start":{"line":13,"column":0},"end":{"line":13,"column":37}},"13":{"start":{"line":14,"column":0},"end":{"line":14,"column":22}},"14":{"start":{"line":15,"column":0},"end":{"line":15,"column":20}},"15":{"start":{"line":16,"column":0},"end":{"line":16,"column":25}},"16":{"start":{"line":17,"column":0},"end":{"line":17,"column":15}},"17":{"start":{"line":18,"column":0},"end":{"line":18,"column":59}},"18":{"start":{"line":19,"column":0},"end":{"line":19,"column":63}},"19":{"start":{"line":20,"column":0},"end":{"line":20,"column":34}},"20":{"start":{"line":21,"column":0},"end":{"line":21,"column":33}},"21":{"start":{"line":22,"column":0},"end":{"line":22,"column":47}},"22":{"start":{"line":23,"column":0},"end":{"line":23,"column":18}},"23":{"start":{"line":24,"column":0},"end":{"line":24,"column":5}},"25":{"start":{"line":26,"column":0},"end":{"line":26,"column":7}},"26":{"start":{"line":27,"column":0},"end":{"line":27,"column":57}},"27":{"start":{"line":28,"column":0},"end":{"line":28,"column":13}},"28":{"start":{"line":29,"column":0},"end":{"line":29,"column":43}},"29":{"start":{"line":30,"column":0},"end":{"line":30,"column":3}},"30":{"start":{"line":31,"column":0},"end":{"line":31,"column":1}},"32":{"start":{"line":33,"column":0},"end":{"line":33,"column":42}},"33":{"start":{"line":34,"column":0},"end":{"line":34,"column":25}},"34":{"start":{"line":35,"column":0},"end":{"line":35,"column":18}},"35":{"start":{"line":36,"column":0},"end":{"line":36,"column":22}},"36":{"start":{"line":37,"column":0},"end":{"line":37,"column":3}},"37":{"start":{"line":38,"column":0},"end":{"line":38,"column":18}},"38":{"start":{"line":39,"column":0},"end":{"line":39,"column":30}},"39":{"start":{"line":40,"column":0},"end":{"line":40,"column":9}},"40":{"start":{"line":41,"column":0},"end":{"line":41,"column":26}},"41":{"start":{"line":42,"column":0},"end":{"line":42,"column":21}},"42":{"start":{"line":43,"column":0},"end":{"line":43,"column":42}},"43":{"start":{"line":44,"column":0},"end":{"line":44,"column":47}},"44":{"start":{"line":45,"column":0},"end":{"line":45,"column":19}},"45":{"start":{"line":46,"column":0},"end":{"line":46,"column":5}},"46":{"start":{"line":47,"column":0},"end":{"line":47,"column":3}},"47":{"start":{"line":48,"column":0},"end":{"line":48,"column":42}},"48":{"start":{"line":49,"column":0},"end":{"line":49,"column":1}},"50":{"start":{"line":51,"column":0},"end":{"line":51,"column":54}},"51":{"start":{"line":52,"column":0},"end":{"line":52,"column":33}},"52":{"start":{"line":53,"column":0},"end":{"line":53,"column":22}},"53":{"start":{"line":54,"column":0},"end":{"line":54,"column":32}},"54":{"start":{"line":55,"column":0},"end":{"line":55,"column":41}},"55":{"start":{"line":56,"column":0},"end":{"line":56,"column":20}},"56":{"start":{"line":57,"column":0},"end":{"line":57,"column":17}},"58":{"start":{"line":59,"column":0},"end":{"line":59,"column":35}},"59":{"start":{"line":60,"column":0},"end":{"line":60,"column":28}},"60":{"start":{"line":61,"column":0},"end":{"line":61,"column":54}},"61":{"start":{"line":62,"column":0},"end":{"line":62,"column":25}},"62":{"start":{"line":63,"column":0},"end":{"line":63,"column":15}},"63":{"start":{"line":64,"column":0},"end":{"line":64,"column":7}},"65":{"start":{"line":66,"column":0},"end":{"line":66,"column":64}},"66":{"start":{"line":67,"column":0},"end":{"line":67,"column":39}},"67":{"start":{"line":68,"column":0},"end":{"line":68,"column":23}},"68":{"start":{"line":69,"column":0},"end":{"line":69,"column":20}},"70":{"start":{"line":71,"column":0},"end":{"line":71,"column":29}},"71":{"start":{"line":72,"column":0},"end":{"line":72,"column":28}},"72":{"start":{"line":73,"column":0},"end":{"line":73,"column":67}},"73":{"start":{"line":74,"column":0},"end":{"line":74,"column":12}},"74":{"start":{"line":75,"column":0},"end":{"line":75,"column":30}},"75":{"start":{"line":76,"column":0},"end":{"line":76,"column":67}},"76":{"start":{"line":77,"column":0},"end":{"line":77,"column":12}},"77":{"start":{"line":78,"column":0},"end":{"line":78,"column":26}},"78":{"start":{"line":79,"column":0},"end":{"line":79,"column":24}},"79":{"start":{"line":80,"column":0},"end":{"line":80,"column":23}},"80":{"start":{"line":81,"column":0},"end":{"line":81,"column":13}},"81":{"start":{"line":82,"column":0},"end":{"line":82,"column":7}},"82":{"start":{"line":83,"column":0},"end":{"line":83,"column":6}},"84":{"start":{"line":85,"column":0},"end":{"line":85,"column":15}},"85":{"start":{"line":86,"column":0},"end":{"line":86,"column":5}},"86":{"start":{"line":87,"column":0},"end":{"line":87,"column":1}}},"s":{"4":1,"5":3,"6":3,"8":1,"9":7,"10":7,"12":2,"13":2,"14":2,"15":2,"16":2,"17":2,"18":2,"19":2,"20":1,"21":1,"22":2,"23":2,"25":2,"26":2,"27":2,"28":2,"29":2,"30":2,"32":1,"33":1,"34":1,"35":1,"36":1,"37":1,"38":1,"39":2,"40":2,"41":2,"42":1,"43":1,"44":1,"45":1,"46":2,"47":0,"48":0,"50":1,"51":1,"52":1,"53":1,"54":1,"55":1,"56":1,"58":1,"59":1,"60":6,"61":1,"62":1,"63":1,"65":6,"66":5,"67":5,"68":5,"70":5,"71":5,"72":5,"73":5,"74":5,"75":0,"76":5,"77":5,"78":5,"79":5,"80":5,"81":5,"82":6,"84":1,"85":1,"86":1},"branchMap":{"0":{"type":"branch","line":5,"loc":{"start":{"line":5,"column":7},"end":{"line":7,"column":1}},"locations":[{"start":{"line":5,"column":7},"end":{"line":7,"column":1}}]},"1":{"type":"branch","line":9,"loc":{"start":{"line":9,"column":7},"end":{"line":11,"column":1}},"locations":[{"start":{"line":9,"column":7},"end":{"line":11,"column":1}}]},"2":{"type":"branch","line":10,"loc":{"start":{"line":10,"column":21},"end":{"line":10,"column":57}},"locations":[{"start":{"line":10,"column":21},"end":{"line":10,"column":57}}]},"3":{"type":"branch","line":13,"loc":{"start":{"line":13,"column":0},"end":{"line":31,"column":1}},"locations":[{"start":{"line":13,"column":0},"end":{"line":31,"column":1}}]},"4":{"type":"branch","line":19,"loc":{"start":{"line":19,"column":40},"end":{"line":24,"column":3}},"locations":[{"start":{"line":19,"column":40},"end":{"line":24,"column":3}}]},"5":{"type":"branch","line":20,"loc":{"start":{"line":20,"column":27},"end":{"line":23,"column":7}},"locations":[{"start":{"line":20,"column":27},"end":{"line":23,"column":7}}]},"6":{"type":"branch","line":21,"loc":{"start":{"line":21,"column":21},"end":{"line":21,"column":33}},"locations":[{"start":{"line":21,"column":21},"end":{"line":21,"column":33}}]},"7":{"type":"branch","line":33,"loc":{"start":{"line":33,"column":0},"end":{"line":49,"column":1}},"locations":[{"start":{"line":33,"column":0},"end":{"line":49,"column":1}}]},"8":{"type":"branch","line":39,"loc":{"start":{"line":39,"column":29},"end":{"line":47,"column":3}},"locations":[{"start":{"line":39,"column":29},"end":{"line":47,"column":3}}]},"9":{"type":"branch","line":42,"loc":{"start":{"line":42,"column":4},"end":{"line":46,"column":5}},"locations":[{"start":{"line":42,"column":4},"end":{"line":46,"column":5}}]},"10":{"type":"branch","line":43,"loc":{"start":{"line":43,"column":30},"end":{"line":43,"column":42}},"locations":[{"start":{"line":43,"column":30},"end":{"line":43,"column":42}}]},"11":{"type":"branch","line":47,"loc":{"start":{"line":47,"column":2},"end":{"line":49,"column":1}},"locations":[{"start":{"line":47,"column":2},"end":{"line":49,"column":1}}]},"12":{"type":"branch","line":51,"loc":{"start":{"line":51,"column":0},"end":{"line":87,"column":1}},"locations":[{"start":{"line":51,"column":0},"end":{"line":87,"column":1}}]},"13":{"type":"branch","line":59,"loc":{"start":{"line":59,"column":21},"end":{"line":86,"column":3}},"locations":[{"start":{"line":59,"column":21},"end":{"line":86,"column":3}}]},"14":{"type":"branch","line":60,"loc":{"start":{"line":60,"column":21},"end":{"line":83,"column":6}},"locations":[{"start":{"line":60,"column":21},"end":{"line":83,"column":6}}]},"15":{"type":"branch","line":61,"loc":{"start":{"line":61,"column":29},"end":{"line":61,"column":53}},"locations":[{"start":{"line":61,"column":29},"end":{"line":61,"column":53}}]},"16":{"type":"branch","line":61,"loc":{"start":{"line":61,"column":53},"end":{"line":64,"column":7}},"locations":[{"start":{"line":61,"column":53},"end":{"line":64,"column":7}}]},"17":{"type":"branch","line":64,"loc":{"start":{"line":64,"column":6},"end":{"line":66,"column":37}},"locations":[{"start":{"line":64,"column":6},"end":{"line":66,"column":37}}]},"18":{"type":"branch","line":66,"loc":{"start":{"line":66,"column":63},"end":{"line":82,"column":7}},"locations":[{"start":{"line":66,"column":63},"end":{"line":82,"column":7}}]},"19":{"type":"branch","line":72,"loc":{"start":{"line":72,"column":16},"end":{"line":74,"column":11}},"locations":[{"start":{"line":72,"column":16},"end":{"line":74,"column":11}}]},"20":{"type":"branch","line":78,"loc":{"start":{"line":78,"column":19},"end":{"line":81,"column":11}},"locations":[{"start":{"line":78,"column":19},"end":{"line":81,"column":11}}]}},"b":{"0":[3],"1":[7],"2":[7],"3":[2],"4":[2],"5":[1],"6":[0],"7":[1],"8":[2],"9":[1],"10":[0],"11":[0],"12":[1],"13":[1],"14":[6],"15":[2],"16":[1],"17":[5],"18":[5],"19":[5],"20":[5]},"fnMap":{"0":{"name":"clamp","decl":{"start":{"line":5,"column":7},"end":{"line":7,"column":1}},"loc":{"start":{"line":5,"column":7},"end":{"line":7,"column":1}},"line":5},"1":{"name":"delay","decl":{"start":{"line":9,"column":7},"end":{"line":11,"column":1}},"loc":{"start":{"line":9,"column":7},"end":{"line":11,"column":1}},"line":9},"2":{"name":"withTimeout","decl":{"start":{"line":13,"column":0},"end":{"line":31,"column":1}},"loc":{"start":{"line":13,"column":0},"end":{"line":31,"column":1}},"line":13},"3":{"name":"retryWithBackoff","decl":{"start":{"line":33,"column":0},"end":{"line":49,"column":1}},"loc":{"start":{"line":33,"column":0},"end":{"line":49,"column":1}},"line":33},"4":{"name":"runAllSettledWithConcurrency","decl":{"start":{"line":51,"column":0},"end":{"line":87,"column":1}},"loc":{"start":{"line":51,"column":0},"end":{"line":87,"column":1}},"line":51},"5":{"name":"schedule","decl":{"start":{"line":60,"column":21},"end":{"line":83,"column":6}},"loc":{"start":{"line":60,"column":21},"end":{"line":83,"column":6}},"line":60}},"f":{"0":3,"1":7,"2":2,"3":1,"4":1,"5":6}}
}
